2024-01-15 08:00:01 INFO [COMPLIANCE_SYSTEM] Starting daily compliance monitoring cycle
2024-01-15 08:00:02 INFO [GDPR_MODULE] Initializing GDPR compliance checks
2024-01-15 08:00:03 INFO [GDPR_MODULE] Checking data subject request response times
2024-01-15 08:00:04 INFO [GDPR_MODULE] Found 15 pending data subject requests
2024-01-15 08:00:05 WARN [GDPR_MODULE] Request DSR-2024-001 approaching 30-day deadline (2 days remaining)
2024-01-15 08:00:06 INFO [GDPR_MODULE] Request DSR-2024-002 completed within SLA (18 days)
2024-01-15 08:00:07 INFO [GDPR_MODULE] Request DSR-2024-003 completed within SLA (12 days)
2024-01-15 08:00:08 ERROR [GDPR_MODULE] Request DSR-2024-004 exceeded 30-day deadline by 3 days
2024-01-15 08:00:09 INFO [GDPR_MODULE] Generating breach notification for overdue request
2024-01-15 08:00:10 INFO [GDPR_MODULE] Data subject request compliance: 87% within SLA

2024-01-15 08:05:01 INFO [HIPAA_MODULE] Initializing HIPAA compliance checks
2024-01-15 08:05:02 INFO [HIPAA_MODULE] Checking PHI access logs for unauthorized access
2024-01-15 08:05:03 INFO [HIPAA_MODULE] Analyzing 2,847 PHI access events from last 24 hours
2024-01-15 08:05:04 INFO [HIPAA_MODULE] No unauthorized access patterns detected
2024-01-15 08:05:05 INFO [HIPAA_MODULE] Checking minimum necessary compliance
2024-01-15 08:05:06 WARN [HIPAA_MODULE] User john.doe@hospital.com accessed 15 patient records (threshold: 10)
2024-01-15 08:05:07 INFO [HIPAA_MODULE] Generating minimum necessary review for john.doe@hospital.com
2024-01-15 08:05:08 INFO [HIPAA_MODULE] PHI access compliance: 98.2% within policy

2024-01-15 08:10:01 INFO [PCI_DSS_MODULE] Initializing PCI DSS compliance checks
2024-01-15 08:10:02 INFO [PCI_DSS_MODULE] Checking cardholder data environment security
2024-01-15 08:10:03 INFO [PCI_DSS_MODULE] Scanning network segmentation controls
2024-01-15 08:10:04 INFO [PCI_DSS_MODULE] Network segmentation: COMPLIANT
2024-01-15 08:10:05 INFO [PCI_DSS_MODULE] Checking encryption status for stored CHD
2024-01-15 08:10:06 INFO [PCI_DSS_MODULE] Cardholder data encryption: COMPLIANT (AES-256)
2024-01-15 08:10:07 INFO [PCI_DSS_MODULE] Checking vulnerability scan results
2024-01-15 08:10:08 WARN [PCI_DSS_MODULE] 3 medium-risk vulnerabilities found in CDE
2024-01-15 08:10:09 INFO [PCI_DSS_MODULE] Generating vulnerability remediation tickets
2024-01-15 08:10:10 INFO [PCI_DSS_MODULE] PCI DSS compliance score: 92%

2024-01-15 08:15:01 INFO [SOX_MODULE] Initializing SOX compliance checks
2024-01-15 08:15:02 INFO [SOX_MODULE] Checking IT general controls effectiveness
2024-01-15 08:15:03 INFO [SOX_MODULE] Reviewing access controls for financial systems
2024-01-15 08:15:04 WARN [SOX_MODULE] User mary.smith@finance.com has excessive privileges in ERP system
2024-01-15 08:15:05 INFO [SOX_MODULE] Generating access review ticket for mary.smith@finance.com
2024-01-15 08:15:06 INFO [SOX_MODULE] Checking change management controls
2024-01-15 08:15:07 INFO [SOX_MODULE] All financial system changes properly approved and documented
2024-01-15 08:15:08 INFO [SOX_MODULE] Checking backup and recovery controls
2024-01-15 08:15:09 INFO [SOX_MODULE] Financial data backup: SUCCESSFUL (last backup: 2024-01-15 02:00:00)
2024-01-15 08:15:10 INFO [SOX_MODULE] SOX controls effectiveness: 94%

2024-01-15 08:20:01 INFO [CCPA_MODULE] Initializing CCPA compliance checks
2024-01-15 08:20:02 INFO [CCPA_MODULE] Checking consumer rights request processing
2024-01-15 08:20:03 INFO [CCPA_MODULE] Found 8 pending consumer rights requests
2024-01-15 08:20:04 INFO [CCPA_MODULE] All requests within 45-day response timeframe
2024-01-15 08:20:05 INFO [CCPA_MODULE] Checking opt-out compliance
2024-01-15 08:20:06 INFO [CCPA_MODULE] "Do Not Sell" requests processed: 127 (last 30 days)
2024-01-15 08:20:07 INFO [CCPA_MODULE] Opt-out compliance: 100%
2024-01-15 08:20:08 INFO [CCPA_MODULE] CCPA compliance score: 96%

2024-01-15 08:25:01 INFO [AUDIT_MODULE] Generating compliance summary report
2024-01-15 08:25:02 INFO [AUDIT_MODULE] Overall compliance score: 91.4%
2024-01-15 08:25:03 WARN [AUDIT_MODULE] 5 compliance issues require immediate attention
2024-01-15 08:25:04 INFO [AUDIT_MODULE] Compliance issues by priority:
2024-01-15 08:25:05 ERROR [AUDIT_MODULE] CRITICAL: 1 issue (GDPR overdue request)
2024-01-15 08:25:06 WARN [AUDIT_MODULE] HIGH: 2 issues (SOX access control, HIPAA minimum necessary)
2024-01-15 08:25:07 INFO [AUDIT_MODULE] MEDIUM: 2 issues (PCI DSS vulnerabilities)
2024-01-15 08:25:08 INFO [AUDIT_MODULE] Sending compliance alerts to stakeholders
2024-01-15 08:25:09 INFO [AUDIT_MODULE] Daily compliance monitoring cycle completed

2024-01-15 09:30:01 INFO [GDPR_MODULE] Processing data subject access request DSR-2024-015
2024-01-15 09:30:02 INFO [GDPR_MODULE] Request type: ACCESS, Data subject: jane.consumer@email.com
2024-01-15 09:30:03 INFO [GDPR_MODULE] Verifying data subject identity
2024-01-15 09:30:04 INFO [GDPR_MODULE] Identity verification: PASSED
2024-01-15 09:30:05 INFO [GDPR_MODULE] Collecting personal data from all systems
2024-01-15 09:30:06 INFO [GDPR_MODULE] Data collected from CRM system: 15 records
2024-01-15 09:30:07 INFO [GDPR_MODULE] Data collected from marketing system: 8 records
2024-01-15 09:30:08 INFO [GDPR_MODULE] Data collected from support system: 3 records
2024-01-15 09:30:09 INFO [GDPR_MODULE] Generating data export package
2024-01-15 09:30:10 INFO [GDPR_MODULE] Data subject access request DSR-2024-015 completed

2024-01-15 10:45:01 WARN [HIPAA_MODULE] Potential PHI breach detected
2024-01-15 10:45:02 WARN [HIPAA_MODULE] Unauthorized email containing PHI sent to external recipient
2024-01-15 10:45:03 WARN [HIPAA_MODULE] Sender: dr.johnson@hospital.com
2024-01-15 10:45:04 WARN [HIPAA_MODULE] Recipient: patient.family@gmail.com (external)
2024-01-15 10:45:05 WARN [HIPAA_MODULE] PHI elements detected: patient name, diagnosis, treatment plan
2024-01-15 10:45:06 ERROR [HIPAA_MODULE] Initiating breach response procedure
2024-01-15 10:45:07 ERROR [HIPAA_MODULE] Notifying Privacy Officer and Security Team
2024-01-15 10:45:08 ERROR [HIPAA_MODULE] Breach incident ID: HIPAA-BREACH-2024-003
2024-01-15 10:45:09 ERROR [HIPAA_MODULE] 60-day notification countdown started

2024-01-15 11:15:01 INFO [PCI_DSS_MODULE] Quarterly vulnerability scan initiated
2024-01-15 11:15:02 INFO [PCI_DSS_MODULE] Scanning cardholder data environment
2024-01-15 11:15:03 INFO [PCI_DSS_MODULE] Scanning web applications: 5 applications
2024-01-15 11:15:04 INFO [PCI_DSS_MODULE] Scanning network infrastructure: 25 devices
2024-01-15 11:15:05 INFO [PCI_DSS_MODULE] Scanning database servers: 3 servers
2024-01-15 11:15:06 WARN [PCI_DSS_MODULE] Vulnerability found: CVE-2023-12345 (Medium severity)
2024-01-15 11:15:07 WARN [PCI_DSS_MODULE] Affected system: payment-gateway-01.internal
2024-01-15 11:15:08 INFO [PCI_DSS_MODULE] Generating remediation ticket: PCI-VUL-2024-008
2024-01-15 11:15:09 INFO [PCI_DSS_MODULE] Vulnerability scan completed: 1 medium, 0 high, 0 critical

2024-01-15 12:00:01 INFO [SOX_MODULE] Monthly financial close control testing
2024-01-15 12:00:02 INFO [SOX_MODULE] Testing revenue recognition controls
2024-01-15 12:00:03 INFO [SOX_MODULE] Revenue control RC-001: EFFECTIVE
2024-01-15 12:00:04 INFO [SOX_MODULE] Revenue control RC-002: EFFECTIVE
2024-01-15 12:00:05 INFO [SOX_MODULE] Revenue control RC-003: EFFECTIVE
2024-01-15 12:00:06 INFO [SOX_MODULE] Testing expense accrual controls
2024-01-15 12:00:07 INFO [SOX_MODULE] Expense control EC-001: EFFECTIVE
2024-01-15 12:00:08 WARN [SOX_MODULE] Expense control EC-002: DEFICIENT (missing approval)
2024-01-15 12:00:09 ERROR [SOX_MODULE] Control deficiency requires management attention
2024-01-15 12:00:10 INFO [SOX_MODULE] Generating management letter for EC-002 deficiency

2024-01-15 13:30:01 INFO [COMPLIANCE_SYSTEM] Processing regulatory update notification
2024-01-15 13:30:02 INFO [COMPLIANCE_SYSTEM] New regulation: EU AI Act implementation guidance
2024-01-15 13:30:03 INFO [COMPLIANCE_SYSTEM] Effective date: 2024-08-01
2024-01-15 13:30:04 INFO [COMPLIANCE_SYSTEM] Impact assessment required for AI systems
2024-01-15 13:30:05 INFO [COMPLIANCE_SYSTEM] Notifying compliance team of new requirements
2024-01-15 13:30:06 INFO [COMPLIANCE_SYSTEM] Creating compliance project: AI-ACT-2024-001
2024-01-15 13:30:07 INFO [COMPLIANCE_SYSTEM] Regulatory update processing completed

2024-01-15 14:15:01 INFO [GDPR_MODULE] Consent withdrawal request received
2024-01-15 14:15:02 INFO [GDPR_MODULE] Data subject: marketing.unsubscribe@email.com
2024-01-15 14:15:03 INFO [GDPR_MODULE] Consent type: Marketing communications
2024-01-15 14:15:04 INFO [GDPR_MODULE] Processing consent withdrawal across all systems
2024-01-15 14:15:05 INFO [GDPR_MODULE] Removed from email marketing list: COMPLETED
2024-01-15 14:15:06 INFO [GDPR_MODULE] Removed from SMS marketing list: COMPLETED
2024-01-15 14:15:07 INFO [GDPR_MODULE] Updated CRM consent status: COMPLETED
2024-01-15 14:15:08 INFO [GDPR_MODULE] Consent withdrawal processed successfully
2024-01-15 14:15:09 INFO [GDPR_MODULE] Confirmation email sent to data subject

2024-01-15 15:45:01 INFO [AUDIT_MODULE] Weekly compliance metrics calculation
2024-01-15 15:45:02 INFO [AUDIT_MODULE] GDPR compliance: 89% (target: 95%)
2024-01-15 15:45:03 INFO [AUDIT_MODULE] HIPAA compliance: 96% (target: 98%)
2024-01-15 15:45:04 INFO [AUDIT_MODULE] PCI DSS compliance: 92% (target: 95%)
2024-01-15 15:45:05 INFO [AUDIT_MODULE] SOX compliance: 94% (target: 98%)
2024-01-15 15:45:06 INFO [AUDIT_MODULE] CCPA compliance: 96% (target: 95%)
2024-01-15 15:45:07 WARN [AUDIT_MODULE] GDPR and PCI DSS below target compliance levels
2024-01-15 15:45:08 INFO [AUDIT_MODULE] Generating executive compliance dashboard
2024-01-15 15:45:09 INFO [AUDIT_MODULE] Weekly compliance report generated

2024-01-15 16:30:01 INFO [HIPAA_MODULE] Business associate agreement review
2024-01-15 16:30:02 INFO [HIPAA_MODULE] Reviewing BAA for Cloud Storage Provider Inc.
2024-01-15 16:30:03 INFO [HIPAA_MODULE] BAA expiration date: 2024-03-15
2024-01-15 16:30:04 WARN [HIPAA_MODULE] BAA renewal required within 60 days
2024-01-15 16:30:05 INFO [HIPAA_MODULE] Notifying legal team for BAA renewal
2024-01-15 16:30:06 INFO [HIPAA_MODULE] Creating renewal task: BAA-RENEWAL-2024-005
2024-01-15 16:30:07 INFO [HIPAA_MODULE] BAA review completed

2024-01-15 17:00:01 INFO [COMPLIANCE_SYSTEM] End of day compliance summary
2024-01-15 17:00:02 INFO [COMPLIANCE_SYSTEM] Total compliance events processed: 47
2024-01-15 17:00:03 INFO [COMPLIANCE_SYSTEM] Critical issues: 1 (GDPR overdue request)
2024-01-15 17:00:04 INFO [COMPLIANCE_SYSTEM] High priority issues: 2 (SOX access, HIPAA breach)
2024-01-15 17:00:05 INFO [COMPLIANCE_SYSTEM] Medium priority issues: 3 (PCI vulnerabilities, BAA renewal)
2024-01-15 17:00:06 INFO [COMPLIANCE_SYSTEM] Overall system health: 91.4%
2024-01-15 17:00:07 INFO [COMPLIANCE_SYSTEM] Next scheduled monitoring: 2024-01-16 08:00:00
2024-01-15 17:00:08 INFO [COMPLIANCE_SYSTEM] Daily compliance monitoring completed

