2024-01-15 00:00:01 INFO [AUDIT_SYSTEM] Daily audit log rotation completed
2024-01-15 00:00:02 INFO [AUDIT_SYSTEM] Starting daily compliance monitoring cycle
2024-01-15 00:00:03 INFO [AUDIT_SYSTEM] Initializing audit trail collection from all systems

2024-01-15 06:30:15 INFO [AUTH_AUDIT] User login: john.doe@acme.com from 192.168.1.100
2024-01-15 06:30:16 INFO [AUTH_AUDIT] Authentication method: Multi-factor authentication
2024-01-15 06:30:17 INFO [AUTH_AUDIT] Session established: sess_abc123def456
2024-01-15 06:30:18 INFO [ACCESS_AUDIT] User john.doe@acme.com granted access to Financial_Systems
2024-01-15 06:30:19 INFO [ACCESS_AUDIT] Access level: READ_ONLY, Duration: 8 hours

2024-01-15 07:15:22 INFO [DATA_AUDIT] Database access: john.doe@acme.com accessed CUSTOMER_DB
2024-01-15 07:15:23 INFO [DATA_AUDIT] Query executed: SELECT customer_id, name, email FROM customers WHERE status='ACTIVE'
2024-01-15 07:15:24 INFO [DATA_AUDIT] Records accessed: 1,247 customer records
2024-01-15 07:15:25 INFO [DATA_AUDIT] Business justification: Customer support case resolution
2024-01-15 07:15:26 INFO [GDPR_AUDIT] Data access logged for GDPR compliance monitoring

2024-01-15 08:00:01 INFO [COMPLIANCE_AUDIT] Starting automated compliance checks
2024-01-15 08:00:02 INFO [SOX_AUDIT] Checking SOX financial controls compliance
2024-01-15 08:00:03 INFO [SOX_AUDIT] Financial close process control: EFFECTIVE
2024-01-15 08:00:04 INFO [SOX_AUDIT] Revenue recognition control: EFFECTIVE
2024-01-15 08:00:05 INFO [SOX_AUDIT] Expense accrual control: EFFECTIVE
2024-01-15 08:00:06 INFO [SOX_AUDIT] IT general controls: EFFECTIVE
2024-01-15 08:00:07 INFO [SOX_AUDIT] Overall SOX compliance status: COMPLIANT (94.5%)

2024-01-15 08:05:01 INFO [GDPR_AUDIT] Checking GDPR data protection compliance
2024-01-15 08:05:02 INFO [GDPR_AUDIT] Data subject request processing: 15 pending requests
2024-01-15 08:05:03 WARN [GDPR_AUDIT] Request DSR-2024-001 approaching 30-day deadline
2024-01-15 08:05:04 INFO [GDPR_AUDIT] Data retention policy compliance: 98.2%
2024-01-15 08:05:05 INFO [GDPR_AUDIT] Consent management: 1,247 active consents
2024-01-15 08:05:06 INFO [GDPR_AUDIT] Privacy by design implementation: COMPLIANT
2024-01-15 08:05:07 INFO [GDPR_AUDIT] Overall GDPR compliance status: PARTIALLY_COMPLIANT (85%)

2024-01-15 08:10:01 INFO [PCI_AUDIT] Checking PCI DSS cardholder data protection
2024-01-15 08:10:02 INFO [PCI_AUDIT] Cardholder data environment scan initiated
2024-01-15 08:10:03 INFO [PCI_AUDIT] Network segmentation: COMPLIANT
2024-01-15 08:10:04 INFO [PCI_AUDIT] Encryption at rest: COMPLIANT
2024-01-15 08:10:05 WARN [PCI_AUDIT] Vulnerability scan: 3 medium-risk vulnerabilities found
2024-01-15 08:10:06 ERROR [PCI_AUDIT] Unencrypted cardholder data found in log files
2024-01-15 08:10:07 ERROR [PCI_AUDIT] Compliance violation detected: VIOL_002
2024-01-15 08:10:08 INFO [PCI_AUDIT] Overall PCI DSS compliance status: NON_COMPLIANT (78%)

2024-01-15 08:15:01 INFO [HIPAA_AUDIT] Checking HIPAA healthcare data protection
2024-01-15 08:15:02 INFO [HIPAA_AUDIT] PHI access monitoring: 2,847 access events analyzed
2024-01-15 08:15:03 INFO [HIPAA_AUDIT] Minimum necessary compliance: 98.7%
2024-01-15 08:15:04 INFO [HIPAA_AUDIT] Administrative safeguards: EFFECTIVE
2024-01-15 08:15:05 INFO [HIPAA_AUDIT] Physical safeguards: EFFECTIVE
2024-01-15 08:15:06 INFO [HIPAA_AUDIT] Technical safeguards: EFFECTIVE
2024-01-15 08:15:07 INFO [HIPAA_AUDIT] Business associate agreements: 15 active BAAs
2024-01-15 08:15:08 INFO [HIPAA_AUDIT] Overall HIPAA compliance status: COMPLIANT (94%)

2024-01-15 08:20:01 INFO [ISO27001_AUDIT] Checking ISO 27001 information security controls
2024-01-15 08:20:02 INFO [ISO27001_AUDIT] Access control policy: IMPLEMENTED
2024-01-15 08:20:03 INFO [ISO27001_AUDIT] Information security policy: IMPLEMENTED
2024-01-15 08:20:04 INFO [ISO27001_AUDIT] Risk management process: IMPLEMENTED
2024-01-15 08:20:05 INFO [ISO27001_AUDIT] Incident management: IMPLEMENTED
2024-01-15 08:20:06 INFO [ISO27001_AUDIT] Business continuity: IMPLEMENTED
2024-01-15 08:20:07 INFO [ISO27001_AUDIT] Supplier relationship security: IMPLEMENTED
2024-01-15 08:20:08 INFO [ISO27001_AUDIT] Overall ISO 27001 compliance status: COMPLIANT (88%)

2024-01-15 09:30:45 INFO [SYSTEM_AUDIT] File system change detected
2024-01-15 09:30:46 INFO [SYSTEM_AUDIT] File: /etc/ssh/sshd_config
2024-01-15 09:30:47 INFO [SYSTEM_AUDIT] Action: MODIFIED
2024-01-15 09:30:48 INFO [SYSTEM_AUDIT] User: root
2024-01-15 09:30:49 INFO [SYSTEM_AUDIT] Process: vi (PID: 12345)
2024-01-15 09:30:50 INFO [SYSTEM_AUDIT] Change approved: Change ticket CHG-2024-001
2024-01-15 09:30:51 INFO [COMPLIANCE_AUDIT] Configuration change logged for compliance tracking

2024-01-15 10:15:33 WARN [PRIVILEGE_AUDIT] Privileged command execution detected
2024-01-15 10:15:34 WARN [PRIVILEGE_AUDIT] User: admin@acme.com
2024-01-15 10:15:35 WARN [PRIVILEGE_AUDIT] Command: sudo systemctl restart apache2
2024-01-15 10:15:36 WARN [PRIVILEGE_AUDIT] Source IP: 192.168.1.50
2024-01-15 10:15:37 WARN [PRIVILEGE_AUDIT] Session: sess_def456ghi789
2024-01-15 10:15:38 INFO [PRIVILEGE_AUDIT] Command execution authorized and logged

2024-01-15 11:22:18 INFO [DATA_AUDIT] Bulk data export initiated
2024-01-15 11:22:19 INFO [DATA_AUDIT] User: analyst@acme.com
2024-01-15 11:22:20 INFO [DATA_AUDIT] Export type: Customer analytics report
2024-01-15 11:22:21 INFO [DATA_AUDIT] Records exported: 5,000 customer records
2024-01-15 11:22:22 INFO [DATA_AUDIT] Export destination: /reports/customer_analytics_jan2024.csv
2024-01-15 11:22:23 INFO [DATA_AUDIT] Data classification: CONFIDENTIAL
2024-01-15 11:22:24 INFO [GDPR_AUDIT] Data export logged for privacy compliance

2024-01-15 12:45:55 ERROR [SECURITY_AUDIT] Failed login attempt detected
2024-01-15 12:45:56 ERROR [SECURITY_AUDIT] Username: admin
2024-01-15 12:45:57 ERROR [SECURITY_AUDIT] Source IP: 203.0.113.45 (External)
2024-01-15 12:45:58 ERROR [SECURITY_AUDIT] Authentication method: Password
2024-01-15 12:45:59 ERROR [SECURITY_AUDIT] Failure reason: Invalid credentials
2024-01-15 12:46:00 WARN [SECURITY_AUDIT] Multiple failed attempts from same IP: 5 attempts in 10 minutes
2024-01-15 12:46:01 ERROR [SECURITY_AUDIT] IP address blocked: 203.0.113.45
2024-01-15 12:46:02 INFO [INCIDENT_AUDIT] Security incident created: INC-SEC-2024-003

2024-01-15 13:30:12 INFO [POLICY_AUDIT] Policy update detected
2024-01-15 13:30:13 INFO [POLICY_AUDIT] Policy: Information Security Policy (POL_001)
2024-01-15 13:30:14 INFO [POLICY_AUDIT] Version: 2.1 -> 2.2
2024-01-15 13:30:15 INFO [POLICY_AUDIT] Updated by: policy.admin@acme.com
2024-01-15 13:30:16 INFO [POLICY_AUDIT] Approval status: APPROVED
2024-01-15 13:30:17 INFO [POLICY_AUDIT] Effective date: 2024-02-01
2024-01-15 13:30:18 INFO [COMPLIANCE_AUDIT] Policy change logged for compliance tracking

2024-01-15 14:15:27 INFO [CONTROL_AUDIT] Control testing initiated
2024-01-15 14:15:28 INFO [CONTROL_AUDIT] Control: Multi-Factor Authentication (CTRL_001)
2024-01-15 14:15:29 INFO [CONTROL_AUDIT] Tester: security.auditor@acme.com
2024-01-15 14:15:30 INFO [CONTROL_AUDIT] Test type: Automated control testing
2024-01-15 14:15:31 INFO [CONTROL_AUDIT] Test scope: All privileged accounts
2024-01-15 14:15:32 INFO [CONTROL_AUDIT] Test results: 247 accounts tested, 245 compliant
2024-01-15 14:15:33 WARN [CONTROL_AUDIT] Non-compliant accounts: service.account@acme.com, backup.admin@acme.com
2024-01-15 14:15:34 INFO [CONTROL_AUDIT] Control effectiveness: 99.2%
2024-01-15 14:15:35 INFO [CONTROL_AUDIT] Overall test result: PASS

2024-01-15 15:00:01 INFO [EVIDENCE_AUDIT] Compliance evidence collection started
2024-01-15 15:00:02 INFO [EVIDENCE_AUDIT] Assessment: SOX Q4 2023 Assessment (ASSESS_001)
2024-01-15 15:00:03 INFO [EVIDENCE_AUDIT] Evidence type: Control testing documentation
2024-01-15 15:00:04 INFO [EVIDENCE_AUDIT] Collector: internal.auditor@acme.com
2024-01-15 15:00:05 INFO [EVIDENCE_AUDIT] Evidence location: /evidence/sox/control_testing_q4_2023/
2024-01-15 15:00:06 INFO [EVIDENCE_AUDIT] Files collected: 25 documents, 15 screenshots, 8 log files
2024-01-15 15:00:07 INFO [EVIDENCE_AUDIT] Evidence hash: sha256:a1b2c3d4e5f6g7h8i9j0k1l2m3n4o5p6
2024-01-15 15:00:08 INFO [EVIDENCE_AUDIT] Evidence retention: 7 years (until 2031-01-15)

2024-01-15 16:30:44 INFO [VIOLATION_AUDIT] Compliance violation reported
2024-01-15 16:30:45 INFO [VIOLATION_AUDIT] Violation ID: VIOL_005
2024-01-15 16:30:46 INFO [VIOLATION_AUDIT] Framework: GDPR
2024-01-15 16:30:47 INFO [VIOLATION_AUDIT] Requirement: Article 17 (Right to erasure)
2024-01-15 16:30:48 INFO [VIOLATION_AUDIT] Severity: MEDIUM
2024-01-15 16:30:49 INFO [VIOLATION_AUDIT] Description: Customer data not deleted within required timeframe
2024-01-15 16:30:50 INFO [VIOLATION_AUDIT] Reporter: privacy.officer@acme.com
2024-01-15 16:30:51 INFO [VIOLATION_AUDIT] Estimated impact: €2,500 potential fine
2024-01-15 16:30:52 INFO [VIOLATION_AUDIT] Remediation assigned to: data.governance@acme.com

2024-01-15 17:45:33 INFO [ASSESSMENT_AUDIT] Compliance assessment completed
2024-01-15 17:45:34 INFO [ASSESSMENT_AUDIT] Assessment ID: ASSESS_006
2024-01-15 17:45:35 INFO [ASSESSMENT_AUDIT] Framework: NIST Cybersecurity Framework
2024-01-15 17:45:36 INFO [ASSESSMENT_AUDIT] Assessor: external.consultant@cybersec.com
2024-01-15 17:45:37 INFO [ASSESSMENT_AUDIT] Assessment period: Q4 2023
2024-01-15 17:45:38 INFO [ASSESSMENT_AUDIT] Overall score: 82%
2024-01-15 17:45:39 INFO [ASSESSMENT_AUDIT] Compliance status: PARTIALLY_COMPLIANT
2024-01-15 17:45:40 INFO [ASSESSMENT_AUDIT] Key findings: Strong identify and protect functions, gaps in detect and respond
2024-01-15 17:45:41 INFO [ASSESSMENT_AUDIT] Next assessment due: 2024-04-15

2024-01-15 18:00:01 INFO [METRICS_AUDIT] Daily compliance metrics calculation
2024-01-15 18:00:02 INFO [METRICS_AUDIT] SOX control effectiveness: 94.5% (Target: 95%)
2024-01-15 18:00:03 INFO [METRICS_AUDIT] GDPR data subject response time: 18.5 days (Target: 30 days)
2024-01-15 18:00:04 INFO [METRICS_AUDIT] PCI DSS vulnerability remediation: 25.3 days (Target: 30 days)
2024-01-15 18:00:05 INFO [METRICS_AUDIT] HIPAA PHI access compliance: 98.7% (Target: 99%)
2024-01-15 18:00:06 INFO [METRICS_AUDIT] ISO 27001 incident response time: 2.8 hours (Target: 4 hours)
2024-01-15 18:00:07 INFO [METRICS_AUDIT] Overall compliance health score: 91.4%

2024-01-15 19:15:22 INFO [BACKUP_AUDIT] Compliance data backup initiated
2024-01-15 19:15:23 INFO [BACKUP_AUDIT] Backup type: Full database backup
2024-01-15 19:15:24 INFO [BACKUP_AUDIT] Source: Compliance management database
2024-01-15 19:15:25 INFO [BACKUP_AUDIT] Destination: /backups/compliance/2024-01-15/
2024-01-15 19:15:26 INFO [BACKUP_AUDIT] Encryption: AES-256 enabled
2024-01-15 19:15:27 INFO [BACKUP_AUDIT] Compression: Enabled (ratio: 3.2:1)
2024-01-15 19:15:28 INFO [BACKUP_AUDIT] Backup size: 2.4 GB (compressed: 750 MB)
2024-01-15 19:15:29 INFO [BACKUP_AUDIT] Backup duration: 12 minutes 34 seconds
2024-01-15 19:15:30 INFO [BACKUP_AUDIT] Backup verification: SUCCESSFUL
2024-01-15 19:15:31 INFO [BACKUP_AUDIT] Backup retention: 7 years

2024-01-15 20:30:15 INFO [NOTIFICATION_AUDIT] Compliance alert notifications sent
2024-01-15 20:30:16 INFO [NOTIFICATION_AUDIT] Alert type: Overdue compliance assessment
2024-01-15 20:30:17 INFO [NOTIFICATION_AUDIT] Recipients: compliance.team@acme.com, ciso@acme.com
2024-01-15 20:30:18 INFO [NOTIFICATION_AUDIT] Assessment: PCI DSS Q4 2023 (ASSESS_003)
2024-01-15 20:30:19 INFO [NOTIFICATION_AUDIT] Due date: 2024-01-20
2024-01-15 20:30:20 INFO [NOTIFICATION_AUDIT] Days overdue: 0 (reminder sent 5 days before due date)
2024-01-15 20:30:21 INFO [NOTIFICATION_AUDIT] Notification method: Email, Slack
2024-01-15 20:30:22 INFO [NOTIFICATION_AUDIT] Delivery status: SUCCESSFUL

2024-01-15 21:45:08 INFO [INTEGRATION_AUDIT] External system integration activity
2024-01-15 21:45:09 INFO [INTEGRATION_AUDIT] System: Vulnerability Management System
2024-01-15 21:45:10 INFO [INTEGRATION_AUDIT] Action: Vulnerability data synchronization
2024-01-15 21:45:11 INFO [INTEGRATION_AUDIT] Records synchronized: 1,847 vulnerabilities
2024-01-15 21:45:12 INFO [INTEGRATION_AUDIT] New vulnerabilities: 23
2024-01-15 21:45:13 INFO [INTEGRATION_AUDIT] Updated vulnerabilities: 156
2024-01-15 21:45:14 INFO [INTEGRATION_AUDIT] Closed vulnerabilities: 89
2024-01-15 21:45:15 INFO [INTEGRATION_AUDIT] Sync duration: 3 minutes 22 seconds
2024-01-15 21:45:16 INFO [INTEGRATION_AUDIT] Next sync scheduled: 2024-01-16 21:45:00

2024-01-15 22:00:01 INFO [REPORTING_AUDIT] Automated compliance report generation
2024-01-15 22:00:02 INFO [REPORTING_AUDIT] Report type: Executive compliance dashboard
2024-01-15 22:00:03 INFO [REPORTING_AUDIT] Report period: January 1-15, 2024
2024-01-15 22:00:04 INFO [REPORTING_AUDIT] Data sources: 6 compliance frameworks, 247 controls, 1,847 vulnerabilities
2024-01-15 22:00:05 INFO [REPORTING_AUDIT] Report format: PDF, HTML
2024-01-15 22:00:06 INFO [REPORTING_AUDIT] Report location: /reports/executive/compliance_dashboard_2024-01-15.pdf
2024-01-15 22:00:07 INFO [REPORTING_AUDIT] Report recipients: ceo@acme.com, ciso@acme.com, board@acme.com
2024-01-15 22:00:08 INFO [REPORTING_AUDIT] Report generation time: 45 seconds
2024-01-15 22:00:09 INFO [REPORTING_AUDIT] Report delivery: SUCCESSFUL

2024-01-15 23:00:01 INFO [MAINTENANCE_AUDIT] System maintenance activities
2024-01-15 23:00:02 INFO [MAINTENANCE_AUDIT] Activity: Database optimization and cleanup
2024-01-15 23:00:03 INFO [MAINTENANCE_AUDIT] Tables optimized: 15
2024-01-15 23:00:04 INFO [MAINTENANCE_AUDIT] Indexes rebuilt: 28
2024-01-15 23:00:05 INFO [MAINTENANCE_AUDIT] Obsolete records purged: 1,247
2024-01-15 23:00:06 INFO [MAINTENANCE_AUDIT] Database size before: 2.8 GB
2024-01-15 23:00:07 INFO [MAINTENANCE_AUDIT] Database size after: 2.4 GB
2024-01-15 23:00:08 INFO [MAINTENANCE_AUDIT] Space reclaimed: 400 MB
2024-01-15 23:00:09 INFO [MAINTENANCE_AUDIT] Maintenance duration: 15 minutes
2024-01-15 23:00:10 INFO [MAINTENANCE_AUDIT] Next maintenance: 2024-01-22 23:00:00

2024-01-15 23:30:01 INFO [ARCHIVE_AUDIT] Compliance data archival process
2024-01-15 23:30:02 INFO [ARCHIVE_AUDIT] Archive type: Quarterly compliance records
2024-01-15 23:30:03 INFO [ARCHIVE_AUDIT] Archive period: Q4 2023
2024-01-15 23:30:04 INFO [ARCHIVE_AUDIT] Records archived: 5,247 assessment records, 12,456 audit events
2024-01-15 23:30:05 INFO [ARCHIVE_AUDIT] Archive location: /archives/compliance/2023/Q4/
2024-01-15 23:30:06 INFO [ARCHIVE_AUDIT] Archive format: Encrypted compressed archive
2024-01-15 23:30:07 INFO [ARCHIVE_AUDIT] Archive size: 1.2 GB
2024-01-15 23:30:08 INFO [ARCHIVE_AUDIT] Archive verification: SUCCESSFUL
2024-01-15 23:30:09 INFO [ARCHIVE_AUDIT] Archive retention: 7 years (until 2031-01-15)

2024-01-15 23:59:58 INFO [AUDIT_SYSTEM] Daily compliance monitoring cycle completed
2024-01-15 23:59:59 INFO [AUDIT_SYSTEM] Total events processed: 15,247
2024-01-15 23:59:59 INFO [AUDIT_SYSTEM] Compliance violations detected: 2
2024-01-15 23:59:59 INFO [AUDIT_SYSTEM] Control tests performed: 156
2024-01-15 23:59:59 INFO [AUDIT_SYSTEM] Evidence collected: 48 items
2024-01-15 23:59:59 INFO [AUDIT_SYSTEM] Reports generated: 12
2024-01-15 23:59:59 INFO [AUDIT_SYSTEM] Overall system health: 91.4%
2024-01-15 23:59:59 INFO [AUDIT_SYSTEM] Next monitoring cycle: 2024-01-16 00:00:01

